<?xml version="1.0" encoding="UTF-8"?>
<TestRun id="4509ed55-cbbe-4e8e-a20a-1eed25d318fc" name="Steve@STEVESLAPTOP 2011-03-22 01:12:22" runUser="STEVESLAPTOP\Steve" xmlns="http://microsoft.com/schemas/VisualStudio/TeamTest/2010">
  <TestSettings name="Local" id="4f61bc2a-6065-40f1-92ca-65e55b5b23a6">
    <Description>These are default test settings for a local test run.</Description>
    <Deployment enabled="false" runDeploymentRoot="Steve_STEVESLAPTOP 2011-03-22 01_12_22">
      <DeploymentItem filename="D:\Documents\My Dropbox\Dev Projects\Wetnap\Library\bin\Debug\Steveo.Wetnap.dll" />
    </Deployment>
    <Execution>
      <TestTypeSpecific />
      <AgentRule name="Execution Agents">
      </AgentRule>
    </Execution>
  </TestSettings>
  <Times creation="2011-03-22T01:12:22.7081178-04:00" queuing="2011-03-22T01:12:24.3402112-04:00" start="2011-03-22T01:12:24.5452229-04:00" finish="2011-03-22T01:14:13.5094553-04:00" />
  <ResultSummary outcome="Error">
    <Counters total="3" executed="3" passed="2" error="0" failed="0" timeout="0" aborted="1" inconclusive="0" passedButRunAborted="0" notRunnable="0" notExecuted="0" disconnected="0" warning="0" completed="0" inProgress="0" pending="0" />
    <RunInfos>
      <RunInfo computerName="STEVESLAPTOP" outcome="Error" timestamp="2011-03-22T01:14:13.5054551-04:00">
        <Text>Test host process exited unexpectedly.</Text>
      </RunInfo>
    </RunInfos>
  </ResultSummary>
  <TestDefinitions>
    <UnitTest name="TestStringBefore" storage="d:\documents\my dropbox\dev projects\wetnap\steveo.wetnap.tests\bin\debug\steveo.wetnap.tests.dll" id="5003c018-4018-a15a-1c47-40dde895eb99">
      <Execution id="1c3464f1-f550-4c74-b973-945a035b465f" />
      <TestMethod codeBase="D:/Documents/My Dropbox/Dev Projects/Wetnap/Steveo.Wetnap.Tests/bin/Debug/Steveo.Wetnap.Tests.DLL" adapterTypeName="Microsoft.VisualStudio.TestTools.TestTypes.Unit.UnitTestAdapter, Microsoft.VisualStudio.QualityTools.Tips.UnitTest.Adapter, Version=10.0.0.0, Culture=neutral, PublicKeyToken=b03f5f7f11d50a3a" className="Steveo.Wetnap.Tests.UnitTest, Steveo.Wetnap.Tests, Version=1.0.0.0, Culture=neutral, PublicKeyToken=null" name="TestStringBefore" />
    </UnitTest>
    <UnitTest name="TestStringTruncate" storage="d:\documents\my dropbox\dev projects\wetnap\steveo.wetnap.tests\bin\debug\steveo.wetnap.tests.dll" id="3233344a-470d-1cfc-d969-f348858fa094">
      <Execution id="b9574132-0455-4879-b710-7c35318da7ce" />
      <TestMethod codeBase="D:/Documents/My Dropbox/Dev Projects/Wetnap/Steveo.Wetnap.Tests/bin/Debug/Steveo.Wetnap.Tests.DLL" adapterTypeName="Microsoft.VisualStudio.TestTools.TestTypes.Unit.UnitTestAdapter, Microsoft.VisualStudio.QualityTools.Tips.UnitTest.Adapter, Version=10.0.0.0, Culture=neutral, PublicKeyToken=b03f5f7f11d50a3a" className="Steveo.Wetnap.Tests.UnitTest, Steveo.Wetnap.Tests, Version=1.0.0.0, Culture=neutral, PublicKeyToken=null" name="TestStringTruncate" />
    </UnitTest>
    <UnitTest name="TestStringAfter" storage="d:\documents\my dropbox\dev projects\wetnap\steveo.wetnap.tests\bin\debug\steveo.wetnap.tests.dll" id="78417c56-f1ba-64d1-a46a-dc1aab962e0e">
      <Execution id="69e44164-97fa-4620-b8e6-8f7694d7f8a3" />
      <TestMethod codeBase="D:/Documents/My Dropbox/Dev Projects/Wetnap/Steveo.Wetnap.Tests/bin/Debug/Steveo.Wetnap.Tests.DLL" adapterTypeName="Microsoft.VisualStudio.TestTools.TestTypes.Unit.UnitTestAdapter, Microsoft.VisualStudio.QualityTools.Tips.UnitTest.Adapter, Version=10.0.0.0, Culture=neutral, PublicKeyToken=b03f5f7f11d50a3a" className="Steveo.Wetnap.Tests.UnitTest, Steveo.Wetnap.Tests, Version=1.0.0.0, Culture=neutral, PublicKeyToken=null" name="TestStringAfter" />
    </UnitTest>
  </TestDefinitions>
  <TestLists>
    <TestList name="Results Not in a List" id="8c84fa94-04c1-424b-9868-57a2d4851a1d" />
    <TestList name="All Loaded Results" id="19431567-8539-422a-85d7-44ee4e166bda" />
  </TestLists>
  <TestEntries>
    <TestEntry testId="5003c018-4018-a15a-1c47-40dde895eb99" executionId="1c3464f1-f550-4c74-b973-945a035b465f" testListId="8c84fa94-04c1-424b-9868-57a2d4851a1d" />
    <TestEntry testId="78417c56-f1ba-64d1-a46a-dc1aab962e0e" executionId="69e44164-97fa-4620-b8e6-8f7694d7f8a3" testListId="8c84fa94-04c1-424b-9868-57a2d4851a1d" />
    <TestEntry testId="3233344a-470d-1cfc-d969-f348858fa094" executionId="b9574132-0455-4879-b710-7c35318da7ce" testListId="8c84fa94-04c1-424b-9868-57a2d4851a1d" />
  </TestEntries>
  <Results>
    <UnitTestResult executionId="1c3464f1-f550-4c74-b973-945a035b465f" testId="5003c018-4018-a15a-1c47-40dde895eb99" testName="TestStringBefore" computerName="STEVESLAPTOP" duration="00:00:00.0261095" startTime="2011-03-22T01:12:24.7332336-04:00" endTime="2011-03-22T01:12:26.3593267-04:00" testType="13cdc9d9-ddb5-4fa4-a97d-d965ccfc6d4b" outcome="Passed" testListId="8c84fa94-04c1-424b-9868-57a2d4851a1d" relativeResultsDirectory="1c3464f1-f550-4c74-b973-945a035b465f">
    </UnitTestResult>
    <UnitTestResult executionId="69e44164-97fa-4620-b8e6-8f7694d7f8a3" testId="78417c56-f1ba-64d1-a46a-dc1aab962e0e" testName="TestStringAfter" computerName="STEVESLAPTOP" duration="00:00:00.0010304" startTime="2011-03-22T01:12:26.3803279-04:00" endTime="2011-03-22T01:12:26.3983289-04:00" testType="13cdc9d9-ddb5-4fa4-a97d-d965ccfc6d4b" outcome="Passed" testListId="8c84fa94-04c1-424b-9868-57a2d4851a1d" relativeResultsDirectory="69e44164-97fa-4620-b8e6-8f7694d7f8a3">
    </UnitTestResult>
    <UnitTestResult executionId="b9574132-0455-4879-b710-7c35318da7ce" testId="3233344a-470d-1cfc-d969-f348858fa094" testName="TestStringTruncate" computerName="STEVESLAPTOP" duration="00:01:47.0931253" startTime="2011-03-22T01:12:26.4153299-04:00" endTime="2011-03-22T01:14:13.5084552-04:00" testType="13cdc9d9-ddb5-4fa4-a97d-d965ccfc6d4b" outcome="Aborted" testListId="8c84fa94-04c1-424b-9868-57a2d4851a1d" relativeResultsDirectory="b9574132-0455-4879-b710-7c35318da7ce">
    </UnitTestResult>
  </Results>
</TestRun>