<?xml version="1.0" encoding="UTF-8"?>
<TestRun id="91e77464-1cae-494e-91a0-42443c7ab0d8" name="Steve@STEVESLAPTOP 2011-03-22 01:09:01" runUser="STEVESLAPTOP\Steve" xmlns="http://microsoft.com/schemas/VisualStudio/TeamTest/2010">
  <TestSettings name="Local" id="4f61bc2a-6065-40f1-92ca-65e55b5b23a6">
    <Description>These are default test settings for a local test run.</Description>
    <Deployment enabled="false" runDeploymentRoot="Steve_STEVESLAPTOP 2011-03-22 01_09_01">
      <DeploymentItem filename="D:\Documents\My Dropbox\Dev Projects\Wetnap\Library\bin\Debug\Steveo.Wetnap.dll" />
    </Deployment>
    <Execution>
      <TestTypeSpecific />
      <AgentRule name="Execution Agents">
      </AgentRule>
    </Execution>
  </TestSettings>
  <Times creation="2011-03-22T01:09:01.1745908-04:00" queuing="2011-03-22T01:09:04.3207707-04:00" start="2011-03-22T01:09:04.6787912-04:00" finish="2011-03-22T01:10:13.4697258-04:00" />
  <ResultSummary outcome="Error">
    <Counters total="3" executed="3" passed="2" error="0" failed="0" timeout="0" aborted="1" inconclusive="0" passedButRunAborted="0" notRunnable="0" notExecuted="0" disconnected="0" warning="0" completed="0" inProgress="0" pending="0" />
    <RunInfos>
      <RunInfo computerName="STEVESLAPTOP" outcome="Error" timestamp="2011-03-22T01:10:13.4657256-04:00">
        <Text>Test host process exited unexpectedly.</Text>
      </RunInfo>
    </RunInfos>
  </ResultSummary>
  <TestDefinitions>
    <UnitTest name="TestStringBefore" storage="d:\documents\my dropbox\dev projects\wetnap\steveo.wetnap.tests\bin\debug\steveo.wetnap.tests.dll" id="5003c018-4018-a15a-1c47-40dde895eb99">
      <Execution id="e06aac0d-02d5-4b28-ad22-8f087599f199" />
      <TestMethod codeBase="D:/Documents/My Dropbox/Dev Projects/Wetnap/Steveo.Wetnap.Tests/bin/Debug/Steveo.Wetnap.Tests.DLL" adapterTypeName="Microsoft.VisualStudio.TestTools.TestTypes.Unit.UnitTestAdapter, Microsoft.VisualStudio.QualityTools.Tips.UnitTest.Adapter, Version=10.0.0.0, Culture=neutral, PublicKeyToken=b03f5f7f11d50a3a" className="Steveo.Wetnap.Tests.UnitTest, Steveo.Wetnap.Tests, Version=1.0.0.0, Culture=neutral, PublicKeyToken=null" name="TestStringBefore" />
    </UnitTest>
    <UnitTest name="TestStringTruncate" storage="d:\documents\my dropbox\dev projects\wetnap\steveo.wetnap.tests\bin\debug\steveo.wetnap.tests.dll" id="3233344a-470d-1cfc-d969-f348858fa094">
      <Execution id="5cfb2f92-542a-4009-a23e-a3de1b57728f" />
      <TestMethod codeBase="D:/Documents/My Dropbox/Dev Projects/Wetnap/Steveo.Wetnap.Tests/bin/Debug/Steveo.Wetnap.Tests.DLL" adapterTypeName="Microsoft.VisualStudio.TestTools.TestTypes.Unit.UnitTestAdapter, Microsoft.VisualStudio.QualityTools.Tips.UnitTest.Adapter, Version=10.0.0.0, Culture=neutral, PublicKeyToken=b03f5f7f11d50a3a" className="Steveo.Wetnap.Tests.UnitTest, Steveo.Wetnap.Tests, Version=1.0.0.0, Culture=neutral, PublicKeyToken=null" name="TestStringTruncate" />
    </UnitTest>
    <UnitTest name="TestStringAfter" storage="d:\documents\my dropbox\dev projects\wetnap\steveo.wetnap.tests\bin\debug\steveo.wetnap.tests.dll" id="78417c56-f1ba-64d1-a46a-dc1aab962e0e">
      <Execution id="3b50d447-f62d-49c9-919e-ecdd4266a082" />
      <TestMethod codeBase="D:/Documents/My Dropbox/Dev Projects/Wetnap/Steveo.Wetnap.Tests/bin/Debug/Steveo.Wetnap.Tests.DLL" adapterTypeName="Microsoft.VisualStudio.TestTools.TestTypes.Unit.UnitTestAdapter, Microsoft.VisualStudio.QualityTools.Tips.UnitTest.Adapter, Version=10.0.0.0, Culture=neutral, PublicKeyToken=b03f5f7f11d50a3a" className="Steveo.Wetnap.Tests.UnitTest, Steveo.Wetnap.Tests, Version=1.0.0.0, Culture=neutral, PublicKeyToken=null" name="TestStringAfter" />
    </UnitTest>
  </TestDefinitions>
  <TestLists>
    <TestList name="Results Not in a List" id="8c84fa94-04c1-424b-9868-57a2d4851a1d" />
    <TestList name="All Loaded Results" id="19431567-8539-422a-85d7-44ee4e166bda" />
  </TestLists>
  <TestEntries>
    <TestEntry testId="5003c018-4018-a15a-1c47-40dde895eb99" executionId="e06aac0d-02d5-4b28-ad22-8f087599f199" testListId="8c84fa94-04c1-424b-9868-57a2d4851a1d" />
    <TestEntry testId="78417c56-f1ba-64d1-a46a-dc1aab962e0e" executionId="3b50d447-f62d-49c9-919e-ecdd4266a082" testListId="8c84fa94-04c1-424b-9868-57a2d4851a1d" />
    <TestEntry testId="3233344a-470d-1cfc-d969-f348858fa094" executionId="5cfb2f92-542a-4009-a23e-a3de1b57728f" testListId="8c84fa94-04c1-424b-9868-57a2d4851a1d" />
  </TestEntries>
  <Results>
    <UnitTestResult executionId="e06aac0d-02d5-4b28-ad22-8f087599f199" testId="5003c018-4018-a15a-1c47-40dde895eb99" testName="TestStringBefore" computerName="STEVESLAPTOP" duration="00:00:00.0439878" startTime="2011-03-22T01:09:05.0308113-04:00" endTime="2011-03-22T01:09:07.7169650-04:00" testType="13cdc9d9-ddb5-4fa4-a97d-d965ccfc6d4b" outcome="Passed" testListId="8c84fa94-04c1-424b-9868-57a2d4851a1d" relativeResultsDirectory="e06aac0d-02d5-4b28-ad22-8f087599f199">
    </UnitTestResult>
    <UnitTestResult executionId="3b50d447-f62d-49c9-919e-ecdd4266a082" testId="78417c56-f1ba-64d1-a46a-dc1aab962e0e" testName="TestStringAfter" computerName="STEVESLAPTOP" duration="00:00:00.0071221" startTime="2011-03-22T01:09:07.7629676-04:00" endTime="2011-03-22T01:09:07.7879690-04:00" testType="13cdc9d9-ddb5-4fa4-a97d-d965ccfc6d4b" outcome="Passed" testListId="8c84fa94-04c1-424b-9868-57a2d4851a1d" relativeResultsDirectory="3b50d447-f62d-49c9-919e-ecdd4266a082">
    </UnitTestResult>
    <UnitTestResult executionId="5cfb2f92-542a-4009-a23e-a3de1b57728f" testId="3233344a-470d-1cfc-d969-f348858fa094" testName="TestStringTruncate" computerName="STEVESLAPTOP" duration="00:01:05.6677560" startTime="2011-03-22T01:09:07.8019698-04:00" endTime="2011-03-22T01:10:13.4697258-04:00" testType="13cdc9d9-ddb5-4fa4-a97d-d965ccfc6d4b" outcome="Aborted" testListId="8c84fa94-04c1-424b-9868-57a2d4851a1d" relativeResultsDirectory="5cfb2f92-542a-4009-a23e-a3de1b57728f">
    </UnitTestResult>
  </Results>
</TestRun>