<?xml version="1.0" encoding="UTF-8"?>
<TestRun id="cf62abe2-99a7-493a-99ca-f6b371cfc694" name="Steve@STEVESLAPTOP 2011-03-22 01:05:04" runUser="STEVESLAPTOP\Steve" xmlns="http://microsoft.com/schemas/VisualStudio/TeamTest/2010">
  <TestSettings name="Local" id="4f61bc2a-6065-40f1-92ca-65e55b5b23a6">
    <Description>These are default test settings for a local test run.</Description>
    <Deployment enabled="false" runDeploymentRoot="Steve_STEVESLAPTOP 2011-03-22 01_05_04">
      <DeploymentItem filename="D:\Documents\My Dropbox\Dev Projects\Wetnap\Library\bin\Debug\Steveo.Wetnap.dll" />
    </Deployment>
    <Execution>
      <TestTypeSpecific />
      <AgentRule name="Execution Agents">
      </AgentRule>
    </Execution>
  </TestSettings>
  <Times creation="2011-03-22T01:05:04.5890588-04:00" queuing="2011-03-22T01:05:04.6360615-04:00" start="2011-03-22T01:05:04.6650632-04:00" finish="2011-03-22T01:05:05.2590972-04:00" />
  <ResultSummary outcome="Failed">
    <Counters total="1" executed="1" error="0" failed="1" timeout="0" aborted="0" inconclusive="0" passedButRunAborted="0" notRunnable="0" notExecuted="0" disconnected="0" warning="0" passed="0" completed="0" inProgress="0" pending="0" />
  </ResultSummary>
  <TestDefinitions>
    <UnitTest name="TestMethod1" storage="d:\documents\my dropbox\dev projects\wetnap\steveo.wetnap.tests\bin\debug\steveo.wetnap.tests.dll" id="36442a55-b2ab-ccba-0fd7-0face64d7152">
      <Execution id="b1807d7f-c16e-48b5-90c9-cf6c29725c26" />
      <TestMethod codeBase="D:/Documents/My Dropbox/Dev Projects/Wetnap/Steveo.Wetnap.Tests/bin/Debug/Steveo.Wetnap.Tests.DLL" adapterTypeName="Microsoft.VisualStudio.TestTools.TestTypes.Unit.UnitTestAdapter, Microsoft.VisualStudio.QualityTools.Tips.UnitTest.Adapter, Version=10.0.0.0, Culture=neutral, PublicKeyToken=b03f5f7f11d50a3a" className="Steveo.Wetnap.Tests.UnitTest1, Steveo.Wetnap.Tests, Version=1.0.0.0, Culture=neutral, PublicKeyToken=null" name="TestMethod1" />
    </UnitTest>
  </TestDefinitions>
  <TestLists>
    <TestList name="Results Not in a List" id="8c84fa94-04c1-424b-9868-57a2d4851a1d" />
    <TestList name="All Loaded Results" id="19431567-8539-422a-85d7-44ee4e166bda" />
  </TestLists>
  <TestEntries>
    <TestEntry testId="36442a55-b2ab-ccba-0fd7-0face64d7152" executionId="b1807d7f-c16e-48b5-90c9-cf6c29725c26" testListId="8c84fa94-04c1-424b-9868-57a2d4851a1d" />
  </TestEntries>
  <Results>
    <UnitTestResult executionId="b1807d7f-c16e-48b5-90c9-cf6c29725c26" testId="36442a55-b2ab-ccba-0fd7-0face64d7152" testName="TestMethod1" computerName="STEVESLAPTOP" duration="00:00:00.1331333" startTime="2011-03-22T01:05:04.7510681-04:00" endTime="2011-03-22T01:05:05.2290954-04:00" testType="13cdc9d9-ddb5-4fa4-a97d-d965ccfc6d4b" outcome="Failed" testListId="8c84fa94-04c1-424b-9868-57a2d4851a1d" relativeResultsDirectory="b1807d7f-c16e-48b5-90c9-cf6c29725c26">
      <Output>
        <ErrorInfo>
          <Message>Assert.AreEqual failed. Expected:&lt;asd&gt;. Actual:&lt;asdd&gt;. </Message>
          <StackTrace>   at Steveo.Wetnap.Tests.UnitTest1.TestMethod1() in D:\Documents\My Dropbox\Dev Projects\Wetnap\Steveo.Wetnap.Tests\UnitTest1.cs:line 16
</StackTrace>
        </ErrorInfo>
      </Output>
    </UnitTestResult>
  </Results>
</TestRun>